2025-05-07 09:09:59:959 [32minfo[39m: [32mServer đang chạy tại http:localhost:5000[39m
2025-05-07 09:10:58:1058 [35mhttp[39m: [35m::1 - - [07/May/2025:02:10:58 +0000] "GET /api/age-groups/ HTTP/1.1" 200 126 "-" "PostmanRuntime/7.43.4"[39m
2025-05-07 09:12:04:124 [35mhttp[39m: [35m::1 - - [07/May/2025:02:12:04 +0000] "POST /api/age-groups/ HTTP/1.1" 201 46 "-" "PostmanRuntime/7.43.4"[39m
2025-05-07 09:17:56:1756 [32minfo[39m: [32mServer đang chạy tại http:localhost:5000[39m
2025-05-07 09:18:00:180 [32minfo[39m: [32mServer đang chạy tại http:localhost:5000[39m
2025-05-07 09:18:01:181 [32minfo[39m: [32mServer đang chạy tại http:localhost:5000[39m
2025-05-07 09:18:27:1827 [32minfo[39m: [32mServer đang chạy tại http:localhost:5000[39m
2025-05-07 09:18:39:1839 [32minfo[39m: [32mServer đang chạy tại http:localhost:5000[39m
2025-05-07 09:18:39:1839 [32minfo[39m: [32mServer đang chạy tại http:localhost:5000[39m
2025-05-07 09:19:00:190 [32minfo[39m: [32mServer đang chạy tại http:localhost:5000[39m
2025-05-07 09:19:13:1913 [32minfo[39m: [32mServer đang chạy tại http:localhost:5000[39m
2025-05-07 09:19:28:1928 [32minfo[39m: [32mServer đang chạy tại http:localhost:5000[39m
2025-05-07 09:19:34:1934 [32minfo[39m: [32mServer đang chạy tại http:localhost:5000[39m
2025-05-07 09:20:31:2031 [32minfo[39m: [32mServer đang chạy tại http:localhost:5000[39m
2025-05-07 09:33:49:3349 [32minfo[39m: [32mServer đang chạy tại http:localhost:5000[39m
2025-05-07 09:33:53:3353 [32minfo[39m: [32mServer đang chạy tại http:localhost:5000[39m
2025-05-07 09:33:54:3354 [32minfo[39m: [32mServer đang chạy tại http:localhost:5000[39m
2025-05-07 09:34:13:3413 [32minfo[39m: [32mServer đang chạy tại http:localhost:5000[39m
2025-05-07 09:34:42:3442 [32minfo[39m: [32mServer đang chạy tại http:localhost:5000[39m
2025-05-07 09:34:46:3446 [32minfo[39m: [32mServer đang chạy tại http:localhost:5000[39m
2025-05-07 09:34:46:3446 [32minfo[39m: [32mServer đang chạy tại http:localhost:5000[39m
2025-05-07 09:34:55:3455 [32minfo[39m: [32mServer đang chạy tại http:localhost:5000[39m
2025-05-07 09:34:58:3458 [32minfo[39m: [32mServer đang chạy tại http:localhost:5000[39m
2025-05-07 09:35:08:358 [32minfo[39m: [32mServer đang chạy tại http:localhost:5000[39m
2025-05-07 09:35:12:3512 [32minfo[39m: [32mServer đang chạy tại http:localhost:5000[39m
2025-05-07 09:35:19:3519 [32minfo[39m: [32mServer đang chạy tại http:localhost:5000[39m
2025-05-07 09:35:24:3524 [32minfo[39m: [32mServer đang chạy tại http:localhost:5000[39m
2025-05-07 09:35:25:3525 [32minfo[39m: [32mServer đang chạy tại http:localhost:5000[39m
2025-05-07 09:36:10:3610 [32minfo[39m: [32mServer đang chạy tại http:localhost:5000[39m
2025-05-07 09:36:11:3611 [32minfo[39m: [32mServer đang chạy tại http:localhost:5000[39m
2025-05-07 09:36:18:3618 [32minfo[39m: [32mServer đang chạy tại http:localhost:5000[39m
2025-05-07 09:36:19:3619 [32minfo[39m: [32mServer đang chạy tại http:localhost:5000[39m
2025-05-07 09:36:28:3628 [32minfo[39m: [32mServer đang chạy tại http:localhost:5000[39m
2025-05-07 09:36:34:3634 [32minfo[39m: [32mServer đang chạy tại http:localhost:5000[39m
2025-05-07 09:36:43:3643 [32minfo[39m: [32mServer đang chạy tại http:localhost:5000[39m
2025-05-07 09:36:48:3648 [32minfo[39m: [32mServer đang chạy tại http:localhost:5000[39m
2025-05-07 09:36:49:3649 [32minfo[39m: [32mServer đang chạy tại http:localhost:5000[39m
2025-05-07 09:36:50:3650 [32minfo[39m: [32mServer đang chạy tại http:localhost:5000[39m
2025-05-07 09:37:00:370 [32minfo[39m: [32mServer đang chạy tại http:localhost:5000[39m
2025-05-07 09:37:07:377 [32minfo[39m: [32mServer đang chạy tại http:localhost:5000[39m
2025-05-07 09:41:31:4131 [35mhttp[39m: [35m::1 - - [07/May/2025:02:41:31 +0000] "GET /api/sports/ HTTP/1.1" 200 252 "-" "PostmanRuntime/7.43.4"[39m
2025-05-07 09:42:32:4232 [35mhttp[39m: [35m::1 - - [07/May/2025:02:42:32 +0000] "POST /api/sports/ HTTP/1.1" 201 132 "-" "PostmanRuntime/7.43.4"[39m
2025-05-07 09:42:48:4248 [35mhttp[39m: [35m::1 - - [07/May/2025:02:42:48 +0000] "GET /api/sports/ HTTP/1.1" 200 465 "-" "PostmanRuntime/7.43.4"[39m
2025-05-07 09:56:29:5629 [32minfo[39m: [32mServer đang chạy tại http:localhost:5000[39m
2025-05-07 09:56:36:5636 [32minfo[39m: [32mServer đang chạy tại http:localhost:5000[39m
2025-05-07 09:56:53:5653 [32minfo[39m: [32mServer đang chạy tại http:localhost:5000[39m
2025-05-07 09:56:57:5657 [32minfo[39m: [32mServer đang chạy tại http:localhost:5000[39m
2025-05-07 09:56:58:5658 [32minfo[39m: [32mServer đang chạy tại http:localhost:5000[39m
2025-05-07 09:56:59:5659 [32minfo[39m: [32mServer đang chạy tại http:localhost:5000[39m
2025-05-07 09:56:59:5659 [32minfo[39m: [32mServer đang chạy tại http:localhost:5000[39m
2025-05-07 09:57:11:5711 [32minfo[39m: [32mServer đang chạy tại http:localhost:5000[39m
2025-05-07 09:57:15:5715 [32minfo[39m: [32mServer đang chạy tại http:localhost:5000[39m
2025-05-07 09:57:42:5742 [32minfo[39m: [32mServer đang chạy tại http:localhost:5000[39m
2025-05-07 09:57:45:5745 [32minfo[39m: [32mServer đang chạy tại http:localhost:5000[39m
2025-05-07 09:58:08:588 [32minfo[39m: [32mServer đang chạy tại http:localhost:5000[39m
2025-05-07 09:58:16:5816 [32minfo[39m: [32mServer đang chạy tại http:localhost:5000[39m
2025-05-07 10:00:06:06 [31merror[39m: [31mLỗi khi lấy danh sách môn thể thao của vận động viên: You have an error in your SQL syntax; check the manual that corresponds to your MySQL server version for the right syntax to use near 'as.*, s.name as sport_name, s.description [39m
[31m       FROM athlete_sport as[39m
[31m       J' at line 1[39m
2025-05-07 10:00:06:06 [35mhttp[39m: [35m::1 - - [07/May/2025:03:00:06 +0000] "GET /api/athletes/1/sports HTTP/1.1" 500 57 "-" "PostmanRuntime/7.43.4"[39m
2025-05-07 10:00:41:041 [35mhttp[39m: [35m::1 - - [07/May/2025:03:00:41 +0000] "POST /api/athletes/1/sports HTTP/1.1" 404 29 "-" "PostmanRuntime/7.43.4"[39m
2025-05-07 10:01:07:17 [31merror[39m: [31mLỗi khi thêm môn thể thao cho vận động viên: You have an error in your SQL syntax; check the manual that corresponds to your MySQL server version for the right syntax to use near ', 2' at line 1[39m
2025-05-07 10:01:07:17 [35mhttp[39m: [35m::1 - - [07/May/2025:03:01:07 +0000] "POST /api/athletes/1/sports HTTP/1.1" 500 46 "-" "PostmanRuntime/7.43.4"[39m
2025-05-07 10:02:03:23 [35mhttp[39m: [35m::1 - - [07/May/2025:03:02:03 +0000] "POST /api/athletes/1/sports HTTP/1.1" 404 29 "-" "PostmanRuntime/7.43.4"[39m
2025-05-07 10:02:29:229 [35mhttp[39m: [35m::1 - - [07/May/2025:03:02:29 +0000] "GET /api/sports/ HTTP/1.1" 200 465 "-" "PostmanRuntime/7.43.4"[39m
2025-05-07 10:04:31:431 [31merror[39m: [31mLỗi khi thêm môn thể thao cho vận động viên: You have an error in your SQL syntax; check the manual that corresponds to your MySQL server version for the right syntax to use near ', 2' at line 1[39m
2025-05-07 10:04:31:431 [35mhttp[39m: [35m::1 - - [07/May/2025:03:04:31 +0000] "POST /api/athletes/1/sports HTTP/1.1" 500 46 "-" "PostmanRuntime/7.43.4"[39m
2025-05-07 10:04:37:437 [35mhttp[39m: [35m::1 - - [07/May/2025:03:04:37 +0000] "POST /api/athletes/1/sports HTTP/1.1" 201 56 "-" "PostmanRuntime/7.43.4"[39m
2025-05-07 10:04:41:441 [35mhttp[39m: [35m::1 - - [07/May/2025:03:04:41 +0000] "POST /api/athletes/1/sports HTTP/1.1" 201 56 "-" "PostmanRuntime/7.43.4"[39m
2025-05-07 10:05:31:531 [31merror[39m: [31mLỗi khi lấy danh sách môn thể thao của vận động viên: You have an error in your SQL syntax; check the manual that corresponds to your MySQL server version for the right syntax to use near 'as.*, s.name as sport_name, s.description [39m
[31m       FROM athlete_sport as[39m
[31m       J' at line 1[39m
2025-05-07 10:05:31:531 [35mhttp[39m: [35m::1 - - [07/May/2025:03:05:31 +0000] "GET /api/athletes/1/sports HTTP/1.1" 500 57 "-" "PostmanRuntime/7.43.4"[39m
2025-05-07 10:05:50:550 [31merror[39m: [31mLỗi khi lấy danh sách môn thể thao của vận động viên: You have an error in your SQL syntax; check the manual that corresponds to your MySQL server version for the right syntax to use near 'as.*, s.name as sport_name, s.description [39m
[31m       FROM athlete_sport as[39m
[31m       J' at line 1[39m
2025-05-07 10:05:50:550 [35mhttp[39m: [35m::1 - - [07/May/2025:03:05:50 +0000] "GET /api/athletes/1/sports HTTP/1.1" 500 57 "-" "PostmanRuntime/7.43.4"[39m
2025-05-07 10:07:07:77 [31merror[39m: [31mLỗi khi lấy danh sách môn thể thao của vận động viên: You have an error in your SQL syntax; check the manual that corresponds to your MySQL server version for the right syntax to use near 'as.*, s.name as sport_name, s.description [39m
[31m       FROM athlete_sport as[39m
[31m       J' at line 1[39m
2025-05-07 10:07:07:77 [35mhttp[39m: [35m::1 - - [07/May/2025:03:07:07 +0000] "GET /api/athletes/1/sports HTTP/1.1" 500 57 "-" "PostmanRuntime/7.43.4"[39m
2025-05-07 10:07:22:722 [32minfo[39m: [32mServer đang chạy tại http:localhost:5000[39m
2025-05-07 10:08:35:835 [32minfo[39m: [32mServer đang chạy tại http:localhost:5000[39m
2025-05-07 10:08:44:844 [32minfo[39m: [32mServer đang chạy tại http:localhost:5000[39m
2025-05-07 10:08:45:845 [32minfo[39m: [32mServer đang chạy tại http:localhost:5000[39m
2025-05-07 10:08:46:846 [35mhttp[39m: [35m::1 - - [07/May/2025:03:08:46 +0000] "GET /api/athletes/1/sports HTTP/1.1" 200 342 "-" "PostmanRuntime/7.43.4"[39m
2025-05-07 10:10:18:1018 [32minfo[39m: [32mServer đang chạy tại http:localhost:5000[39m
2025-05-07 10:10:28:1028 [32minfo[39m: [32mServer đang chạy tại http:localhost:5000[39m
2025-05-07 10:10:33:1033 [32minfo[39m: [32mServer đang chạy tại http:localhost:5000[39m
2025-05-07 10:10:33:1033 [32minfo[39m: [32mServer đang chạy tại http:localhost:5000[39m
2025-05-07 10:12:25:1225 [35mhttp[39m: [35m::1 - - [07/May/2025:03:12:25 +0000] "GET /api/athletes/1/sports HTTP/1.1" 200 342 "-" "PostmanRuntime/7.43.4"[39m
2025-05-07 10:12:47:1247 [35mhttp[39m: [35m::1 - - [07/May/2025:03:12:47 +0000] "GET /api/sports/ HTTP/1.1" 200 465 "-" "PostmanRuntime/7.43.4"[39m
2025-05-07 10:53:01:531 [35mhttp[39m: [35m::1 - - [07/May/2025:03:53:01 +0000] "GET /api/age-groups/ HTTP/1.1" 200 173 "-" "PostmanRuntime/7.43.4"[39m
2025-05-07 10:53:22:5322 [35mhttp[39m: [35m::1 - - [07/May/2025:03:53:22 +0000] "GET /api/age-groups/1 HTTP/1.1" 200 40 "-" "PostmanRuntime/7.43.4"[39m
2025-05-07 10:53:26:5326 [35mhttp[39m: [35m::1 - - [07/May/2025:03:53:26 +0000] "GET /api/age-groups/3 HTTP/1.1" 200 42 "-" "PostmanRuntime/7.43.4"[39m
2025-05-07 10:53:50:5350 [35mhttp[39m: [35m::1 - - [07/May/2025:03:53:50 +0000] "GET /api/age-groups/ HTTP/1.1" 200 173 "-" "PostmanRuntime/7.43.4"[39m
2025-05-07 10:54:10:5410 [35mhttp[39m: [35m::1 - - [07/May/2025:03:54:10 +0000] "GET /api/age-groups/ HTTP/1.1" 200 173 "-" "PostmanRuntime/7.43.4"[39m
2025-05-07 10:54:36:5436 [35mhttp[39m: [35m::1 - - [07/May/2025:03:54:36 +0000] "POST /api/age-groups/ HTTP/1.1" 201 68 "-" "PostmanRuntime/7.43.4"[39m
2025-05-07 10:55:03:553 [35mhttp[39m: [35m::1 - - [07/May/2025:03:55:03 +0000] "GET /api/age-groups/3 HTTP/1.1" 200 42 "-" "PostmanRuntime/7.43.4"[39m
2025-05-07 10:55:41:5541 [35mhttp[39m: [35m::1 - - [07/May/2025:03:55:41 +0000] "PUT /api/age-groups/ HTTP/1.1" 404 154 "-" "PostmanRuntime/7.43.4"[39m
2025-05-07 10:56:06:566 [35mhttp[39m: [35m::1 - - [07/May/2025:03:56:06 +0000] "PUT /api/age-groups/3 HTTP/1.1" 200 53 "-" "PostmanRuntime/7.43.4"[39m
2025-05-07 10:56:32:5632 [35mhttp[39m: [35m::1 - - [07/May/2025:03:56:32 +0000] "GET /api/age-groups/ HTTP/1.1" 200 272 "-" "PostmanRuntime/7.43.4"[39m
2025-05-07 10:56:55:5655 [35mhttp[39m: [35m::1 - - [07/May/2025:03:56:55 +0000] "GET /api/age-groups/ HTTP/1.1" 200 272 "-" "PostmanRuntime/7.43.4"[39m
2025-05-07 10:57:07:577 [35mhttp[39m: [35m::1 - - [07/May/2025:03:57:07 +0000] "DELETE /api/age-groups/5 HTTP/1.1" 200 45 "-" "PostmanRuntime/7.43.4"[39m
2025-05-07 10:57:31:5731 [35mhttp[39m: [35m::1 - - [07/May/2025:03:57:31 +0000] "GET /api/age-groups/ HTTP/1.1" 200 203 "-" "PostmanRuntime/7.43.4"[39m
2025-05-07 10:59:25:5925 [35mhttp[39m: [35m::1 - - [07/May/2025:03:59:25 +0000] "GET /api/athletes HTTP/1.1" 401 27 "-" "PostmanRuntime/7.43.4"[39m
2025-05-07 10:59:31:5931 [35mhttp[39m: [35m::1 - - [07/May/2025:03:59:31 +0000] "POST /api/auth/login HTTP/1.1" 200 592 "-" "PostmanRuntime/7.43.4"[39m
2025-05-07 10:59:44:5944 [35mhttp[39m: [35m::1 - - [07/May/2025:03:59:44 +0000] "GET /api/athletes HTTP/1.1" 200 1474 "-" "PostmanRuntime/7.43.4"[39m
2025-05-07 11:01:03:13 [35mhttp[39m: [35m::1 - - [07/May/2025:04:01:03 +0000] "POST /api/athletes HTTP/1.1" 400 162 "-" "PostmanRuntime/7.43.4"[39m
2025-05-07 11:01:19:119 [35mhttp[39m: [35m::1 - - [07/May/2025:04:01:19 +0000] "POST /api/athletes HTTP/1.1" 201 61 "-" "PostmanRuntime/7.43.4"[39m
2025-05-07 11:02:18:218 [35mhttp[39m: [35m::1 - - [07/May/2025:04:02:18 +0000] "PUT /api/athletes/15%20 HTTP/1.1" 401 27 "-" "PostmanRuntime/7.43.4"[39m
2025-05-07 11:02:38:238 [35mhttp[39m: [35m::1 - - [07/May/2025:04:02:38 +0000] "PUT /api/athletes/15%20 HTTP/1.1" 200 60 "-" "PostmanRuntime/7.43.4"[39m
2025-05-07 11:05:22:522 [35mhttp[39m: [35m::1 - - [07/May/2025:04:05:22 +0000] "DELETE /api/athletes/ HTTP/1.1" 404 155 "-" "PostmanRuntime/7.43.4"[39m
2025-05-07 11:05:39:539 [35mhttp[39m: [35m::1 - - [07/May/2025:04:05:39 +0000] "GET /api/athletes HTTP/1.1" 200 1474 "-" "PostmanRuntime/7.43.4"[39m
2025-05-07 11:06:07:67 [35mhttp[39m: [35m::1 - - [07/May/2025:04:06:07 +0000] "GET /api/athletes?page=1&limit=20 HTTP/1.1" 200 4662 "-" "PostmanRuntime/7.43.4"[39m
2025-05-07 11:06:31:631 [35mhttp[39m: [35m::1 - - [07/May/2025:04:06:31 +0000] "DELETE /api/athletes/9 HTTP/1.1" 200 52 "-" "PostmanRuntime/7.43.4"[39m
2025-05-07 11:20:55:2055 [35mhttp[39m: [35m::1 - - [07/May/2025:04:20:55 +0000] "GET /api/athletes/1/age-groups HTTP/1.1" 200 2 "-" "PostmanRuntime/7.43.4"[39m
2025-05-07 11:21:00:210 [35mhttp[39m: [35m::1 - - [07/May/2025:04:21:00 +0000] "GET /api/athletes/15/age-groups HTTP/1.1" 200 177 "-" "PostmanRuntime/7.43.4"[39m
2025-05-07 11:27:31:2731 [35mhttp[39m: [35m::1 - - [07/May/2025:04:27:31 +0000] "POST /api/athletes/15/age-groups%0A HTTP/1.1" 404 169 "-" "PostmanRuntime/7.43.4"[39m
2025-05-07 11:27:36:2736 [35mhttp[39m: [35m::1 - - [07/May/2025:04:27:36 +0000] "POST /api/athletes/15/age-group HTTP/1.1" 404 165 "-" "PostmanRuntime/7.43.4"[39m
2025-05-07 11:27:48:2748 [35mhttp[39m: [35m::1 - - [07/May/2025:04:27:48 +0000] "POST /api/athletes/1/age-group HTTP/1.1" 404 164 "-" "PostmanRuntime/7.43.4"[39m
2025-05-07 11:27:54:2754 [35mhttp[39m: [35m::1 - - [07/May/2025:04:27:54 +0000] "GET /api/age-groups/ HTTP/1.1" 200 203 "-" "PostmanRuntime/7.43.4"[39m
2025-05-07 11:30:23:3023 [35mhttp[39m: [35m::1 - - [07/May/2025:04:30:23 +0000] "POST /api/athletes/1/age-group HTTP/1.1" 404 164 "-" "PostmanRuntime/7.43.4"[39m
2025-05-07 11:34:19:3419 [35mhttp[39m: [35m::1 - - [07/May/2025:04:34:19 +0000] "POST /api/athletes/1/age-group HTTP/1.1" 404 164 "-" "PostmanRuntime/7.43.4"[39m
2025-05-07 11:34:59:3459 [35mhttp[39m: [35m::1 - - [07/May/2025:04:34:59 +0000] "POST /api/athletes/1/age-groups HTTP/1.1" 201 53 "-" "PostmanRuntime/7.43.4"[39m
2025-05-07 11:35:13:3513 [35mhttp[39m: [35m::1 - - [07/May/2025:04:35:13 +0000] "GET /api/athletes/15/age-groups HTTP/1.1" 200 177 "-" "PostmanRuntime/7.43.4"[39m
2025-05-07 11:35:20:3520 [31merror[39m: [31mLỗi khi thêm nhóm tuổi cho vận động viên: Duplicate entry '1-3' for key 'athlete_age_group.PRIMARY'[39m
2025-05-07 11:35:20:3520 [35mhttp[39m: [35m::1 - - [07/May/2025:04:35:20 +0000] "POST /api/athletes/1/age-groups HTTP/1.1" 500 43 "-" "PostmanRuntime/7.43.4"[39m
2025-05-07 11:35:33:3533 [35mhttp[39m: [35m::1 - - [07/May/2025:04:35:33 +0000] "GET /api/athletes/15/age-groups HTTP/1.1" 200 177 "-" "PostmanRuntime/7.43.4"[39m
2025-05-07 11:35:34:3534 [35mhttp[39m: [35m::1 - - [07/May/2025:04:35:34 +0000] "GET /api/athletes/15/age-groups HTTP/1.1" 200 177 "-" "PostmanRuntime/7.43.4"[39m
2025-05-07 11:35:35:3535 [35mhttp[39m: [35m::1 - - [07/May/2025:04:35:35 +0000] "GET /api/athletes/15/age-groups HTTP/1.1" 200 177 "-" "PostmanRuntime/7.43.4"[39m
2025-05-07 11:35:37:3537 [35mhttp[39m: [35m::1 - - [07/May/2025:04:35:37 +0000] "GET /api/athletes/15/age-groups HTTP/1.1" 200 177 "-" "PostmanRuntime/7.43.4"[39m
2025-05-07 11:35:45:3545 [35mhttp[39m: [35m::1 - - [07/May/2025:04:35:45 +0000] "POST /api/athletes/15/age-groups HTTP/1.1" 201 53 "-" "PostmanRuntime/7.43.4"[39m
2025-05-07 11:35:47:3547 [35mhttp[39m: [35m::1 - - [07/May/2025:04:35:47 +0000] "GET /api/athletes/15/age-groups HTTP/1.1" 200 297 "-" "PostmanRuntime/7.43.4"[39m
2025-05-07 11:37:00:370 [32minfo[39m: [32mServer đang chạy tại http:localhost:5000[39m
2025-05-07 11:37:03:373 [31merror[39m: [31mLỗi khi thêm nhóm tuổi cho vận động viên: Duplicate entry '15-3' for key 'athlete_age_group.PRIMARY'[39m
2025-05-07 11:37:03:373 [35mhttp[39m: [35m::1 - - [07/May/2025:04:37:03 +0000] "POST /api/athletes/15/age-groups HTTP/1.1" 500 43 "-" "PostmanRuntime/7.43.4"[39m
2025-05-07 11:37:13:3713 [35mhttp[39m: [35m::1 - - [07/May/2025:04:37:13 +0000] "POST /api/athletes/2/age-groups HTTP/1.1" 201 46 "-" "PostmanRuntime/7.43.4"[39m
2025-05-07 11:37:41:3741 [35mhttp[39m: [35m::1 - - [07/May/2025:04:37:41 +0000] "POST /api/athletes/3/age-groups HTTP/1.1" 404 33 "-" "PostmanRuntime/7.43.4"[39m
2025-05-07 11:37:49:3749 [35mhttp[39m: [35m::1 - - [07/May/2025:04:37:49 +0000] "GET /api/age-groups/ HTTP/1.1" 200 203 "-" "PostmanRuntime/7.43.4"[39m
2025-05-07 11:38:04:384 [35mhttp[39m: [35m::1 - - [07/May/2025:04:38:04 +0000] "POST /api/athletes/3/age-groups HTTP/1.1" 404 33 "-" "PostmanRuntime/7.43.4"[39m
2025-05-07 11:38:05:385 [35mhttp[39m: [35m::1 - - [07/May/2025:04:38:05 +0000] "POST /api/athletes/3/age-groups HTTP/1.1" 404 33 "-" "PostmanRuntime/7.43.4"[39m
2025-05-07 11:38:22:3822 [35mhttp[39m: [35m::1 - - [07/May/2025:04:38:22 +0000] "POST /api/athletes/3/age-groups HTTP/1.1" 404 33 "-" "PostmanRuntime/7.43.4"[39m
2025-05-07 11:39:02:392 [35mhttp[39m: [35m::1 - - [07/May/2025:04:39:02 +0000] "POST /api/athletes/3/age-groups HTTP/1.1" 201 46 "-" "PostmanRuntime/7.43.4"[39m
2025-05-07 11:39:05:395 [35mhttp[39m: [35m::1 - - [07/May/2025:04:39:05 +0000] "POST /api/athletes/3/age-groups HTTP/1.1" 201 46 "-" "PostmanRuntime/7.43.4"[39m
2025-05-07 11:42:54:4254 [35mhttp[39m: [35m::1 - - [07/May/2025:04:42:54 +0000] "POST /api/athletes/4/age-groups HTTP/1.1" 404 33 "-" "PostmanRuntime/7.43.4"[39m
2025-05-07 11:47:45:4745 [32minfo[39m: [32mServer đang chạy tại http:localhost:5000[39m
2025-05-07 11:48:03:483 [32minfo[39m: [32mServer đang chạy tại http:localhost:5000[39m
2025-05-07 11:48:44:4844 [32minfo[39m: [32mServer đang chạy tại http:localhost:5000[39m
2025-05-07 11:48:48:4848 [32minfo[39m: [32mServer đang chạy tại http:localhost:5000[39m
2025-05-07 11:49:07:497 [32minfo[39m: [32mServer đang chạy tại http:localhost:5000[39m
2025-05-07 11:49:14:4914 [32minfo[39m: [32mServer đang chạy tại http:localhost:5000[39m
2025-05-07 11:49:23:4923 [32minfo[39m: [32mServer đang chạy tại http:localhost:5000[39m
2025-05-07 11:49:43:4943 [32minfo[39m: [32mServer đang chạy tại http:localhost:5000[39m
2025-05-07 11:49:59:4959 [32minfo[39m: [32mServer đang chạy tại http:localhost:5000[39m
2025-05-07 11:50:08:508 [32minfo[39m: [32mServer đang chạy tại http:localhost:5000[39m
2025-05-07 11:50:16:5016 [35mhttp[39m: [35m::1 - - [07/May/2025:04:50:16 +0000] "POST /api/athletes/4/age-groups HTTP/1.1" 400 114 "-" "PostmanRuntime/7.43.4"[39m
2025-05-07 11:50:53:5053 [35mhttp[39m: [35m::1 - - [07/May/2025:04:50:53 +0000] "POST /api/athletes/4/age-groups HTTP/1.1" 400 114 "-" "PostmanRuntime/7.43.4"[39m
2025-05-07 11:51:48:5148 [32minfo[39m: [32mServer đang chạy tại http:localhost:5000[39m
2025-05-07 11:52:08:528 [32minfo[39m: [32mServer đang chạy tại http:localhost:5000[39m
2025-05-07 11:52:10:5210 [35mhttp[39m: [35m::1 - - [07/May/2025:04:52:10 +0000] "POST /api/athletes/4/age-groups HTTP/1.1" 404 165 "-" "PostmanRuntime/7.43.4"[39m
2025-05-07 11:53:21:5321 [35mhttp[39m: [35m::1 - - [07/May/2025:04:53:21 +0000] "POST /api/athletes/4/age-groups HTTP/1.1" 404 165 "-" "PostmanRuntime/7.43.4"[39m
2025-05-07 11:53:38:5338 [35mhttp[39m: [35m::1 - - [07/May/2025:04:53:38 +0000] "POST /api/athletes/4/age-groups HTTP/1.1" 404 165 "-" "PostmanRuntime/7.43.4"[39m
2025-05-07 11:54:40:5440 [35mhttp[39m: [35m::1 - - [07/May/2025:04:54:40 +0000] "GET /api/athletes/1/age-groups HTTP/1.1" 200 120 "-" "PostmanRuntime/7.43.4"[39m
2025-05-07 11:54:45:5445 [35mhttp[39m: [35m::1 - - [07/May/2025:04:54:45 +0000] "GET /api/athletes//age-groups HTTP/1.1" 401 47 "-" "PostmanRuntime/7.43.4"[39m
2025-05-07 11:54:49:5449 [35mhttp[39m: [35m::1 - - [07/May/2025:04:54:49 +0000] "GET /api/athletes/15/age-groups HTTP/1.1" 200 297 "-" "PostmanRuntime/7.43.4"[39m
2025-05-07 11:55:07:557 [35mhttp[39m: [35m::1 - - [07/May/2025:04:55:07 +0000] "POST /api/athletes/5/age-groups HTTP/1.1" 404 165 "-" "PostmanRuntime/7.43.4"[39m
2025-05-07 11:55:12:5512 [35mhttp[39m: [35m::1 - - [07/May/2025:04:55:12 +0000] "POST /api/athletes/6/age-groups HTTP/1.1" 404 165 "-" "PostmanRuntime/7.43.4"[39m
2025-05-07 11:55:20:5520 [35mhttp[39m: [35m::1 - - [07/May/2025:04:55:20 +0000] "POST /api/athletes/6/age-groups HTTP/1.1" 404 165 "-" "PostmanRuntime/7.43.4"[39m
2025-05-07 11:55:26:5526 [35mhttp[39m: [35m::1 - - [07/May/2025:04:55:26 +0000] "POST /api/athletes/6/age-groups HTTP/1.1" 404 165 "-" "PostmanRuntime/7.43.4"[39m
2025-05-07 11:55:34:5534 [35mhttp[39m: [35m::1 - - [07/May/2025:04:55:34 +0000] "GET /api/athletes HTTP/1.1" 401 27 "-" "PostmanRuntime/7.43.4"[39m
2025-05-07 11:58:57:5857 [32minfo[39m: [32mServer đang chạy tại http:localhost:5000[39m
2025-05-07 11:58:59:5859 [32minfo[39m: [32mServer đang chạy tại http:localhost:5000[39m
2025-05-07 11:59:05:595 [35mhttp[39m: [35m::1 - - [07/May/2025:04:59:05 +0000] "POST /api/athletes/6/age-groups HTTP/1.1" 201 186 "-" "PostmanRuntime/7.43.4"[39m
2025-05-07 11:59:15:5915 [35mhttp[39m: [35m::1 - - [07/May/2025:04:59:15 +0000] "GET /api/athletes/6/age-groups HTTP/1.1" 200 294 "-" "PostmanRuntime/7.43.4"[39m
2025-05-07 12:01:16:116 [35mhttp[39m: [35m::1 - - [07/May/2025:05:01:16 +0000] "POST /api/athletes/7/age-groups HTTP/1.1" 201 120 "-" "PostmanRuntime/7.43.4"[39m
2025-05-07 13:12:09:129 [35mhttp[39m: [35m::1 - - [07/May/2025:06:12:09 +0000] "GET /api/athletes/1/sports HTTP/1.1" 200 342 "-" "PostmanRuntime/7.43.4"[39m
2025-05-07 13:18:23:1823 [35mhttp[39m: [35m::1 - - [07/May/2025:06:18:23 +0000] "GET /api/sports/1/athletes HTTP/1.1" 200 745 "-" "PostmanRuntime/7.43.4"[39m
2025-05-07 13:19:10:1910 [31merror[39m: [31m400 - Unexpected token '"', "[39m
[31m  "sport_ids"... is not valid JSON - /api/athletes/1/sports - POST - ::1[39m
2025-05-07 13:19:19:1919 [35mhttp[39m: [35m::1 - - [07/May/2025:06:19:19 +0000] "POST /api/athletes/1/sports HTTP/1.1" 404 29 "-" "PostmanRuntime/7.43.4"[39m
2025-05-07 13:21:17:2117 [32minfo[39m: [32mServer đang chạy tại http:localhost:5000[39m
2025-05-07 13:21:49:2149 [32minfo[39m: [32mServer đang chạy tại http:localhost:5000[39m
2025-05-07 13:22:01:221 [32minfo[39m: [32mServer đang chạy tại http:localhost:5000[39m
2025-05-07 13:22:22:2222 [32minfo[39m: [32mServer đang chạy tại http:localhost:5000[39m
2025-05-07 13:22:37:2237 [32minfo[39m: [32mServer đang chạy tại http:localhost:5000[39m
2025-05-07 13:22:42:2242 [32minfo[39m: [32mServer đang chạy tại http:localhost:5000[39m
2025-05-07 13:25:52:2552 [32minfo[39m: [32mServer đang chạy tại http:localhost:5000[39m
2025-05-07 13:26:11:2611 [32minfo[39m: [32mServer đang chạy tại http:localhost:5000[39m
2025-05-07 13:26:22:2622 [32minfo[39m: [32mServer đang chạy tại http:localhost:5000[39m
2025-05-07 13:26:42:2642 [35mhttp[39m: [35m::1 - - [07/May/2025:06:26:42 +0000] "GET /api/athletes/1/sports HTTP/1.1" 404 160 "-" "PostmanRuntime/7.43.4"[39m
2025-05-07 13:26:54:2654 [32minfo[39m: [32mServer đang chạy tại http:localhost:5000[39m
2025-05-07 13:27:45:2745 [35mhttp[39m: [35m::1 - - [07/May/2025:06:27:45 +0000] "GET /api/athletes/1/sports HTTP/1.1" 404 160 "-" "PostmanRuntime/7.43.4"[39m
2025-05-07 13:28:42:2842 [32minfo[39m: [32mServer đang chạy tại http:localhost:5000[39m
2025-05-07 13:28:45:2845 [32minfo[39m: [32mServer đang chạy tại http:localhost:5000[39m
2025-05-07 13:28:55:2855 [32minfo[39m: [32mServer đang chạy tại http:localhost:5000[39m
2025-05-07 13:29:00:290 [35mhttp[39m: [35m::1 - - [07/May/2025:06:29:00 +0000] "GET /api/athletes/1/sports HTTP/1.1" 200 342 "-" "PostmanRuntime/7.43.4"[39m
2025-05-07 13:29:18:2918 [35mhttp[39m: [35m::1 - - [07/May/2025:06:29:18 +0000] "GET /api/sports/1/athletes HTTP/1.1" 404 160 "-" "PostmanRuntime/7.43.4"[39m
2025-05-07 13:30:03:303 [35mhttp[39m: [35m::1 - - [07/May/2025:06:30:03 +0000] "GET /api/athletes/sports/1/athletes HTTP/1.1" 200 745 "-" "PostmanRuntime/7.43.4"[39m
