2025-05-07 09:09:59:959 [32minfo[39m: [32mServer đang chạy tại http:localhost:5000[39m
2025-05-07 09:17:56:1756 [32minfo[39m: [32mServer đang chạy tại http:localhost:5000[39m
2025-05-07 09:18:00:180 [32minfo[39m: [32mServer đang chạy tại http:localhost:5000[39m
2025-05-07 09:18:01:181 [32minfo[39m: [32mServer đang chạy tại http:localhost:5000[39m
2025-05-07 09:18:27:1827 [32minfo[39m: [32mServer đang chạy tại http:localhost:5000[39m
2025-05-07 09:18:39:1839 [32minfo[39m: [32mServer đang chạy tại http:localhost:5000[39m
2025-05-07 09:18:39:1839 [32minfo[39m: [32mServer đang chạy tại http:localhost:5000[39m
2025-05-07 09:19:00:190 [32minfo[39m: [32mServer đang chạy tại http:localhost:5000[39m
2025-05-07 09:19:13:1913 [32minfo[39m: [32mServer đang chạy tại http:localhost:5000[39m
2025-05-07 09:19:28:1928 [32minfo[39m: [32mServer đang chạy tại http:localhost:5000[39m
2025-05-07 09:19:34:1934 [32minfo[39m: [32mServer đang chạy tại http:localhost:5000[39m
2025-05-07 09:20:31:2031 [32minfo[39m: [32mServer đang chạy tại http:localhost:5000[39m
2025-05-07 09:33:49:3349 [32minfo[39m: [32mServer đang chạy tại http:localhost:5000[39m
2025-05-07 09:33:53:3353 [32minfo[39m: [32mServer đang chạy tại http:localhost:5000[39m
2025-05-07 09:33:54:3354 [32minfo[39m: [32mServer đang chạy tại http:localhost:5000[39m
2025-05-07 09:34:13:3413 [32minfo[39m: [32mServer đang chạy tại http:localhost:5000[39m
2025-05-07 09:34:42:3442 [32minfo[39m: [32mServer đang chạy tại http:localhost:5000[39m
2025-05-07 09:34:46:3446 [32minfo[39m: [32mServer đang chạy tại http:localhost:5000[39m
2025-05-07 09:34:46:3446 [32minfo[39m: [32mServer đang chạy tại http:localhost:5000[39m
2025-05-07 09:34:55:3455 [32minfo[39m: [32mServer đang chạy tại http:localhost:5000[39m
2025-05-07 09:34:58:3458 [32minfo[39m: [32mServer đang chạy tại http:localhost:5000[39m
2025-05-07 09:35:08:358 [32minfo[39m: [32mServer đang chạy tại http:localhost:5000[39m
2025-05-07 09:35:12:3512 [32minfo[39m: [32mServer đang chạy tại http:localhost:5000[39m
2025-05-07 09:35:19:3519 [32minfo[39m: [32mServer đang chạy tại http:localhost:5000[39m
2025-05-07 09:35:24:3524 [32minfo[39m: [32mServer đang chạy tại http:localhost:5000[39m
2025-05-07 09:35:25:3525 [32minfo[39m: [32mServer đang chạy tại http:localhost:5000[39m
2025-05-07 09:36:10:3610 [32minfo[39m: [32mServer đang chạy tại http:localhost:5000[39m
2025-05-07 09:36:11:3611 [32minfo[39m: [32mServer đang chạy tại http:localhost:5000[39m
2025-05-07 09:36:18:3618 [32minfo[39m: [32mServer đang chạy tại http:localhost:5000[39m
2025-05-07 09:36:19:3619 [32minfo[39m: [32mServer đang chạy tại http:localhost:5000[39m
2025-05-07 09:36:28:3628 [32minfo[39m: [32mServer đang chạy tại http:localhost:5000[39m
2025-05-07 09:36:34:3634 [32minfo[39m: [32mServer đang chạy tại http:localhost:5000[39m
2025-05-07 09:36:43:3643 [32minfo[39m: [32mServer đang chạy tại http:localhost:5000[39m
2025-05-07 09:36:48:3648 [32minfo[39m: [32mServer đang chạy tại http:localhost:5000[39m
2025-05-07 09:36:49:3649 [32minfo[39m: [32mServer đang chạy tại http:localhost:5000[39m
2025-05-07 09:36:50:3650 [32minfo[39m: [32mServer đang chạy tại http:localhost:5000[39m
2025-05-07 09:37:00:370 [32minfo[39m: [32mServer đang chạy tại http:localhost:5000[39m
2025-05-07 09:37:07:377 [32minfo[39m: [32mServer đang chạy tại http:localhost:5000[39m
2025-05-07 09:56:29:5629 [32minfo[39m: [32mServer đang chạy tại http:localhost:5000[39m
2025-05-07 09:56:36:5636 [32minfo[39m: [32mServer đang chạy tại http:localhost:5000[39m
2025-05-07 09:56:53:5653 [32minfo[39m: [32mServer đang chạy tại http:localhost:5000[39m
2025-05-07 09:56:57:5657 [32minfo[39m: [32mServer đang chạy tại http:localhost:5000[39m
2025-05-07 09:56:58:5658 [32minfo[39m: [32mServer đang chạy tại http:localhost:5000[39m
2025-05-07 09:56:59:5659 [32minfo[39m: [32mServer đang chạy tại http:localhost:5000[39m
2025-05-07 09:56:59:5659 [32minfo[39m: [32mServer đang chạy tại http:localhost:5000[39m
2025-05-07 09:57:11:5711 [32minfo[39m: [32mServer đang chạy tại http:localhost:5000[39m
2025-05-07 09:57:15:5715 [32minfo[39m: [32mServer đang chạy tại http:localhost:5000[39m
2025-05-07 09:57:42:5742 [32minfo[39m: [32mServer đang chạy tại http:localhost:5000[39m
2025-05-07 09:57:45:5745 [32minfo[39m: [32mServer đang chạy tại http:localhost:5000[39m
2025-05-07 09:58:08:588 [32minfo[39m: [32mServer đang chạy tại http:localhost:5000[39m
2025-05-07 09:58:16:5816 [32minfo[39m: [32mServer đang chạy tại http:localhost:5000[39m
2025-05-07 10:00:06:06 [31merror[39m: [31mLỗi khi lấy danh sách môn thể thao của vận động viên: You have an error in your SQL syntax; check the manual that corresponds to your MySQL server version for the right syntax to use near 'as.*, s.name as sport_name, s.description [39m
[31m       FROM athlete_sport as[39m
[31m       J' at line 1[39m
2025-05-07 10:01:07:17 [31merror[39m: [31mLỗi khi thêm môn thể thao cho vận động viên: You have an error in your SQL syntax; check the manual that corresponds to your MySQL server version for the right syntax to use near ', 2' at line 1[39m
2025-05-07 10:04:31:431 [31merror[39m: [31mLỗi khi thêm môn thể thao cho vận động viên: You have an error in your SQL syntax; check the manual that corresponds to your MySQL server version for the right syntax to use near ', 2' at line 1[39m
2025-05-07 10:05:31:531 [31merror[39m: [31mLỗi khi lấy danh sách môn thể thao của vận động viên: You have an error in your SQL syntax; check the manual that corresponds to your MySQL server version for the right syntax to use near 'as.*, s.name as sport_name, s.description [39m
[31m       FROM athlete_sport as[39m
[31m       J' at line 1[39m
2025-05-07 10:05:50:550 [31merror[39m: [31mLỗi khi lấy danh sách môn thể thao của vận động viên: You have an error in your SQL syntax; check the manual that corresponds to your MySQL server version for the right syntax to use near 'as.*, s.name as sport_name, s.description [39m
[31m       FROM athlete_sport as[39m
[31m       J' at line 1[39m
2025-05-07 10:07:07:77 [31merror[39m: [31mLỗi khi lấy danh sách môn thể thao của vận động viên: You have an error in your SQL syntax; check the manual that corresponds to your MySQL server version for the right syntax to use near 'as.*, s.name as sport_name, s.description [39m
[31m       FROM athlete_sport as[39m
[31m       J' at line 1[39m
2025-05-07 10:07:22:722 [32minfo[39m: [32mServer đang chạy tại http:localhost:5000[39m
2025-05-07 10:08:35:835 [32minfo[39m: [32mServer đang chạy tại http:localhost:5000[39m
2025-05-07 10:08:44:844 [32minfo[39m: [32mServer đang chạy tại http:localhost:5000[39m
2025-05-07 10:08:45:845 [32minfo[39m: [32mServer đang chạy tại http:localhost:5000[39m
2025-05-07 10:10:18:1018 [32minfo[39m: [32mServer đang chạy tại http:localhost:5000[39m
2025-05-07 10:10:28:1028 [32minfo[39m: [32mServer đang chạy tại http:localhost:5000[39m
2025-05-07 10:10:33:1033 [32minfo[39m: [32mServer đang chạy tại http:localhost:5000[39m
